<?xml version="1.0" encoding="UTF-8"?>
<!-- Generated by org.testng.reporters.JUnitReportReporter -->
<testsuite skipped="0" hostname="LAPTOP-PQ9K0NN3" name="com.commonSeleniumAction.InputFormTest" tests="1" failures="0" timestamp="2019-11-03T11:53:26 IST" time="7.230" errors="0">
  <testcase name="inputforms" time="7.230" classname="com.commonSeleniumAction.InputFormTest"/>
</testsuite> <!-- com.commonSeleniumAction.InputFormTest -->
