<?xml version="1.0" encoding="UTF-8"?>
<!-- Generated by org.testng.reporters.JUnitReportReporter -->
<testsuite skipped="0" hostname="LAPTOP-PQ9K0NN3" name="com.commonSeleniumAction.AutoSuggesstiveDropDown" tests="1" failures="0" timestamp="2019-11-03T19:54:01 IST" time="13.889" errors="0">
  <testcase name="AutoSuggesstTest" time="13.889" classname="com.commonSeleniumAction.AutoSuggesstiveDropDown"/>
</testsuite> <!-- com.commonSeleniumAction.AutoSuggesstiveDropDown -->
