<?xml version="1.0" encoding="UTF-8"?>
<!-- Generated by org.testng.reporters.JUnitReportReporter -->
<testsuite skipped="0" hostname="LAPTOP-PQ9K0NN3" name="com.TestBase.PrintTriangle" tests="1" failures="0" timestamp="2019-11-11T17:01:15 IST" time="0.009" errors="0">
  <testcase name="test2" time="0.009" classname="com.TestBase.PrintTriangle"/>
</testsuite> <!-- com.TestBase.PrintTriangle -->
