<?xml version="1.0" encoding="UTF-8"?>
<!-- Generated by org.testng.reporters.JUnitReportReporter -->
<testsuite skipped="0" hostname="LAPTOP-PQ9K0NN3" name="com.commonSeleniumAction.PractiseTest" tests="1" failures="0" timestamp="2019-11-03T19:34:00 IST" time="14.760" errors="0">
  <testcase name="practiceTest" time="14.760" classname="com.commonSeleniumAction.PractiseTest"/>
</testsuite> <!-- com.commonSeleniumAction.PractiseTest -->
