<?xml version="1.0" encoding="UTF-8"?>
<!-- Generated by org.testng.reporters.JUnitReportReporter -->
<testsuite skipped="0" hostname="LAPTOP-PQ9K0NN3" name="com.commonSeleniumAction.Sample" tests="1" failures="0" timestamp="2019-11-03T20:28:09 IST" time="15.149" errors="0">
  <testcase name="search" time="15.149" classname="com.commonSeleniumAction.Sample"/>
</testsuite> <!-- com.commonSeleniumAction.Sample -->
