<?xml version="1.0" encoding="UTF-8"?>
<!-- Generated by org.testng.reporters.JUnitReportReporter -->
<testsuite skipped="0" hostname="LAPTOP-PQ9K0NN3" name="InputFormTest" tests="1" failures="0" timestamp="2019-11-02T21:35:56 IST" time="13.986" errors="0">
  <testcase name="inputforms" time="13.986" classname="InputFormTest"/>
</testsuite> <!-- InputFormTest -->
