<?xml version="1.0" encoding="UTF-8"?>
<!-- Generated by org.testng.reporters.JUnitReportReporter -->
<testsuite skipped="0" hostname="LAPTOP-PQ9K0NN3" name="com.commonSeleniumAction.AlertTest" tests="1" failures="0" timestamp="2019-11-03T16:29:12 IST" time="21.428" errors="0">
  <testcase name="AlertBox" time="21.428" classname="com.commonSeleniumAction.AlertTest"/>
</testsuite> <!-- com.commonSeleniumAction.AlertTest -->
