<?xml version="1.0" encoding="UTF-8"?>
<!-- Generated by org.testng.reporters.JUnitReportReporter -->
<testsuite skipped="0" hostname="LAPTOP-PQ9K0NN3" name="com.commonSeleniumAction.WindowHandlingTest" tests="1" failures="0" timestamp="2019-11-03T13:06:32 IST" time="20.905" errors="0">
  <testcase name="windowHandlingTest" time="20.905" classname="com.commonSeleniumAction.WindowHandlingTest"/>
</testsuite> <!-- com.commonSeleniumAction.WindowHandlingTest -->
